<?xml version="1.0" encoding="UTF-8"?>
<!-- Generated by org.testng.reporters.JUnitXMLReporter -->
<testsuite hostname="LAPTOP-KED48LAM" ignored="3" name="Test" tests="1" failures="0" timestamp="07 Sep 2020 10:08:18 GMT" time="23.644" errors="0">
  <testcase name="autosugg" time="23.557" classname="testGroup.TESTGoogleAutoSuggestion"/>
  <testcase name="logrep" time="0.0" classname="testGroup.TESTActitime">
    <ignored/>
  </testcase> <!-- logrep -->
  <testcase name="autosugg" time="0.0" classname="test.TESTGoogleAutoSuggestion">
    <ignored/>
  </testcase> <!-- autosugg -->
  <testcase name="logrep" time="0.0" classname="test.TESTActitime">
    <ignored/>
  </testcase> <!-- logrep -->
</testsuite> <!-- Test -->
