<?xml version="1.0" encoding="UTF-8"?>
<testng-results skipped="0" failed="0" ignored="0" total="1" passed="1">
  <reporter-output>
  </reporter-output>
  <suite name="Default suite" duration-ms="42560" started-at="2020-09-09T10:14:27Z" finished-at="2020-09-09T10:15:09Z">
    <groups>
    </groups>
    <test name="Default test" duration-ms="42560" started-at="2020-09-09T10:14:27Z" finished-at="2020-09-09T10:15:09Z">
      <class name="test.TestActitimeCreateEditDeleteAss">
        <test-method status="PASS" signature="customer()[pri:0, instance:test.TestActitimeCreateEditDeleteAss@167fdd33]" name="customer" duration-ms="42473" started-at="2020-09-09T10:14:27Z" finished-at="2020-09-09T10:15:09Z">
          <reporter-output>
          </reporter-output>
        </test-method> <!-- customer -->
      </class> <!-- test.TestActitimeCreateEditDeleteAss -->
    </test> <!-- Default test -->
  </suite> <!-- Default suite -->
</testng-results>
